[2019-04-15 15:56:26] DEBUG 134 statementLog - {conn-10005, pstmt-20000} created. INSERT INTO check_info  ( check_info_id,create_by,car_info_id,send_time ) VALUES( ?,?,?,? )
[2019-04-15 15:56:26] DEBUG 134 statementLog - {conn-10005, pstmt-20000} Parameters : [20190415155620897521, 20190415155620897521, 20190415155620897521, 2019-04-15 15:57:21]
[2019-04-15 15:56:26] DEBUG 134 statementLog - {conn-10005, pstmt-20000} Types : [VARCHAR, VARCHAR, VARCHAR, VARCHAR]
[2019-04-15 15:56:26] DEBUG 134 statementLog - {conn-10005, pstmt-20000} executed. 6.215702 millis. INSERT INTO check_info  ( check_info_id,create_by,car_info_id,send_time ) VALUES( ?,?,?,? )
[2019-04-15 15:56:26] DEBUG 134 statementLog - {conn-10005, pstmt-20000} clearParameters. 
[2019-04-15 15:56:26] DEBUG 134 statementLog - {conn-10005, pstmt-20001} created. INSERT INTO insured_info  ( insured_id,create_id,create_time,update_by,update_time,insurance_company,choice_insurance_source,mechanism_number,busines_expire_date,force_expire_date,next_busines_start_date,next_force_start_date,force_is_insured,biz_is_insured,last_year_insurance_company,last_year_source,license_owner,license_owner_id_card,license_owner_id_card_type,posted_name,holder_id_card,holder_id_card_type,insured_name,insured__id_card,insured_id_card_type,busines_number,traffic_number,force_last_year_out_danger_count,biz_last_year_out_danger_count,force_last_year_out_danger,biz_last_year_out_danger,car_info_id ) VALUES( ?,?,?,?,?,?,?,?,?,?,?,?,?,?,?,?,?,?,?,?,?,?,?,?,?,?,?,?,?,?,?,? )
[2019-04-15 15:56:26] DEBUG 134 statementLog - {conn-10005, pstmt-20001} Parameters : [20190415155620897521, 20190415155535607395, null, null, null, null, null, null, null, null, 2019-05-11 00:00, 2019-05-11 00:00, null, null, 太平洋保险, 1, null, null, null, null, null, null, null, null, null, null, null, null, null, null, null, 20190415155620897521]
[2019-04-15 15:56:26] DEBUG 134 statementLog - {conn-10005, pstmt-20001} Types : [VARCHAR, VARCHAR, OTHER, OTHER, OTHER, OTHER, OTHER, OTHER, OTHER, OTHER, VARCHAR, VARCHAR, OTHER, OTHER, VARCHAR, VARCHAR, OTHER, OTHER, OTHER, OTHER, OTHER, OTHER, OTHER, OTHER, OTHER, OTHER, OTHER, OTHER, OTHER, OTHER, OTHER, VARCHAR]
[2019-04-15 15:56:26] DEBUG 134 statementLog - {conn-10005, pstmt-20001} executed. 3.153171 millis. INSERT INTO insured_info  ( insured_id,create_id,create_time,update_by,update_time,insurance_company,choice_insurance_source,mechanism_number,busines_expire_date,force_expire_date,next_busines_start_date,next_force_start_date,force_is_insured,biz_is_insured,last_year_insurance_company,last_year_source,license_owner,license_owner_id_card,license_owner_id_card_type,posted_name,holder_id_card,holder_id_card_type,insured_name,insured__id_card,insured_id_card_type,busines_number,traffic_number,force_last_year_out_danger_count,biz_last_year_out_danger_count,force_last_year_out_danger,biz_last_year_out_danger,car_info_id ) VALUES( ?,?,?,?,?,?,?,?,?,?,?,?,?,?,?,?,?,?,?,?,?,?,?,?,?,?,?,?,?,?,?,? )
[2019-04-15 15:56:26] DEBUG 134 statementLog - {conn-10005, pstmt-20001} clearParameters. 
[2019-04-15 15:56:26] DEBUG 134 statementLog - {conn-10005, pstmt-20002} created. INSERT INTO insurance_type_info  ( insurance_type_id,CREATED_BY,insurance_name,insurance_amount,insurance_premium,info_type,type_id,excluding_deductible ) VALUES( ?,?,?,?,?,?,?,? )
[2019-04-15 15:56:26] DEBUG 134 statementLog - {conn-10005, pstmt-20002} Parameters : [20190415155625983841, 20190415155620897521, 机动车损失保险, 1000000, 1839.00, 0, 20190415155620897521, 94.96]
[2019-04-15 15:56:26] DEBUG 134 statementLog - {conn-10005, pstmt-20002} Types : [VARCHAR, VARCHAR, VARCHAR, DECIMAL, DECIMAL, VARCHAR, VARCHAR, DECIMAL]
[2019-04-15 15:56:26] DEBUG 134 statementLog - {conn-10005, pstmt-20002} executed. 2.064085 millis. INSERT INTO insurance_type_info  ( insurance_type_id,CREATED_BY,insurance_name,insurance_amount,insurance_premium,info_type,type_id,excluding_deductible ) VALUES( ?,?,?,?,?,?,?,? )
[2019-04-15 15:56:26] DEBUG 134 statementLog - {conn-10005, pstmt-20002} clearParameters. 
[2019-04-15 15:56:26] DEBUG 134 statementLog - {conn-10005, pstmt-20003} created. INSERT INTO car_info  ( car_info_id,engine_number,frame_number,register_date,car_model,CREATED_BY,license_owner,license_owner_id_card,license_owner_id_card_type,mobile ) VALUES( ?,?,?,?,?,?,?,?,?,? )
[2019-04-15 15:56:26] DEBUG 134 statementLog - {conn-10005, pstmt-20003} Parameters : [20190415155620897521, E30A034819, LS4A AB3R 4EG1 4656 8, 2014-05-14, SC6406AYA4, 20190415155620897521, 刘景龙, 37082619850502003X, 1, 13770699784]
[2019-04-15 15:56:26] DEBUG 134 statementLog - {conn-10005, pstmt-20003} Types : [VARCHAR, VARCHAR, VARCHAR, VARCHAR, VARCHAR, VARCHAR, VARCHAR, VARCHAR, VARCHAR, VARCHAR]
[2019-04-15 15:56:26] DEBUG 134 statementLog - {conn-10005, pstmt-20003} executed. 3.54408 millis. INSERT INTO car_info  ( car_info_id,engine_number,frame_number,register_date,car_model,CREATED_BY,license_owner,license_owner_id_card,license_owner_id_card_type,mobile ) VALUES( ?,?,?,?,?,?,?,?,?,? )
[2019-04-15 15:56:26] DEBUG 134 statementLog - {conn-10005, pstmt-20003} clearParameters. 
