[2019-04-15 17:51:23] INFO  org.springframework.boot.StartupInfoLogger 50 logStarting - Starting Application on SKY-20180312NZI with PID 9276 (F:\idea\insurance_bzs\target\classes started by Administrator in F:\idea\insurance_bzs)
[2019-04-15 17:51:23] INFO  org.springframework.boot.SpringApplication 679 logStartupProfileInfo - The following profiles are active: dev
[2019-04-15 17:51:25] INFO  org.springframework.data.repository.config.RepositoryConfigurationDelegate 244 multipleStoresDetected - Multiple Spring Data modules found, entering strict repository configuration mode!
[2019-04-15 17:51:25] INFO  org.springframework.data.repository.config.RepositoryConfigurationDelegate 126 registerRepositoriesIn - Bootstrapping Spring Data repositories in DEFAULT mode.
[2019-04-15 17:51:25] INFO  org.springframework.data.repository.config.RepositoryConfigurationDelegate 182 registerRepositoriesIn - Finished Spring Data repository scanning in 76ms. Found 0 repository interfaces.
[2019-04-15 17:51:25] INFO  org.springframework.data.repository.config.RepositoryConfigurationDelegate 244 multipleStoresDetected - Multiple Spring Data modules found, entering strict repository configuration mode!
[2019-04-15 17:51:25] INFO  org.springframework.data.repository.config.RepositoryConfigurationDelegate 126 registerRepositoriesIn - Bootstrapping Spring Data repositories in DEFAULT mode.
[2019-04-15 17:51:25] INFO  org.springframework.data.repository.config.RepositoryConfigurationDelegate 182 registerRepositoriesIn - Finished Spring Data repository scanning in 34ms. Found 0 repository interfaces.
[2019-04-15 17:51:25] INFO  org.springframework.context.annotation.ConfigurationClassPostProcessor 380 enhanceConfigurationClasses - Cannot enhance @Configuration bean definition 'mybatisConfigurer' since its singleton instance has been created too early. The typical cause is a non-static @Bean method with a BeanDefinitionRegistryPostProcessor return type: Consider declaring such methods as 'static'.
[2019-04-15 17:51:25] INFO  org.springframework.context.support.PostProcessorRegistrationDelegate$BeanPostProcessorChecker 330 postProcessAfterInitialization - Bean 'org.springframework.transaction.annotation.ProxyTransactionManagementConfiguration' of type [org.springframework.transaction.annotation.ProxyTransactionManagementConfiguration$$EnhancerBySpringCGLIB$$ec204afd] is not eligible for getting processed by all BeanPostProcessors (for example: not eligible for auto-proxying)
[2019-04-15 17:51:26] INFO  org.springframework.boot.web.embedded.tomcat.TomcatWebServer 90 initialize - Tomcat initialized with port(s): 8082 (http)
[2019-04-15 17:51:26] INFO  org.apache.juli.logging.DirectJDKLog 173 log - Starting service [Tomcat]
[2019-04-15 17:51:26] INFO  org.apache.juli.logging.DirectJDKLog 173 log - Starting Servlet engine: [Apache Tomcat/9.0.16]
[2019-04-15 17:51:26] INFO  org.apache.juli.logging.DirectJDKLog 173 log - The APR based Apache Tomcat Native library which allows optimal performance in production environments was not found on the java.library.path: [D:\software\Java\JDK64\jdk1.8.0_181\bin;C:\Windows\Sun\Java\bin;C:\Windows\system32;C:\Windows;D:\software\Java\JDK64\jdk1.8.0_181\bin;D:\software\Java\JDK64\jdk1.8.0_181\jre\bin;C:\Program Files (x86)\Common Files\Oracle\Java\javapath;C:\ProgramData\Oracle\Java\javapath;C:\Windows\system32;C:\Windows;C:\Windows\System32\Wbem;C:\Windows\System32\WindowsPowerShell\v1.0\;D:\software\MySQL\MySQL Server 5.5\bin;D:\software\maven\apache-maven-3.2.5\bin;D:\software\android-sdk\platform-tools;D:\software\android-sdk\tools;D:\software\TortoiseSVN\bin;D:\software\MySQL\MySQL Server 5.5\bin;D:\software\cxf\apache-cxf-3.1.16\bin;C:\Program Files (x86)\Windows Kits\8.1\Windows Performance Toolkit\;C:\Program Files\Microsoft SQL Server\110\Tools\Binn\;E:\Git\Git\cmd;.]
[2019-04-15 17:51:26] INFO  org.apache.juli.logging.DirectJDKLog 173 log - Initializing Spring embedded WebApplicationContext
[2019-04-15 17:51:26] INFO  org.springframework.boot.web.servlet.context.ServletWebServerApplicationContext 296 prepareWebApplicationContext - Root WebApplicationContext: initialization completed in 3639 ms
[2019-04-15 17:51:26] INFO  com.alibaba.druid.spring.boot.autoconfigure.DruidDataSourceAutoConfigure 56 dataSource - Init DruidDataSource
[2019-04-15 17:51:27] INFO  com.alibaba.druid.pool.DruidDataSource 930 init - {dataSource-1} inited
[2019-04-15 17:51:30] INFO  org.springframework.scheduling.concurrent.ExecutorConfigurationSupport 171 initialize - Initializing ExecutorService 'taskScheduler'
[2019-04-15 17:51:30] INFO  springfox.documentation.spring.web.plugins.DocumentationPluginsBootstrapper 120 start - Context refreshed
[2019-04-15 17:51:31] INFO  springfox.documentation.spring.web.plugins.DocumentationPluginsBootstrapper 123 start - Found 1 custom documentation plugin(s)
[2019-04-15 17:51:31] INFO  springfox.documentation.spring.web.scanners.ApiListingReferenceScanner 41 scan - Scanning for api listing references
[2019-04-15 17:51:31] INFO  springfox.documentation.spring.web.readers.operation.CachingOperationNameGenerator 40 startingWith - Generating unique operation named: addUsingPOST_1
[2019-04-15 17:51:31] INFO  springfox.documentation.spring.web.readers.operation.CachingOperationNameGenerator 40 startingWith - Generating unique operation named: deleteUsingPOST_1
[2019-04-15 17:51:31] INFO  springfox.documentation.spring.web.readers.operation.CachingOperationNameGenerator 40 startingWith - Generating unique operation named: detailUsingPOST_1
[2019-04-15 17:51:31] INFO  springfox.documentation.spring.web.readers.operation.CachingOperationNameGenerator 40 startingWith - Generating unique operation named: listUsingPOST_1
[2019-04-15 17:51:31] INFO  springfox.documentation.spring.web.readers.operation.CachingOperationNameGenerator 40 startingWith - Generating unique operation named: updateUsingPOST_1
[2019-04-15 17:51:31] INFO  springfox.documentation.spring.web.readers.operation.CachingOperationNameGenerator 40 startingWith - Generating unique operation named: addUsingPOST_2
[2019-04-15 17:51:31] INFO  springfox.documentation.spring.web.readers.operation.CachingOperationNameGenerator 40 startingWith - Generating unique operation named: deleteUsingPOST_2
[2019-04-15 17:51:31] INFO  springfox.documentation.spring.web.readers.operation.CachingOperationNameGenerator 40 startingWith - Generating unique operation named: detailUsingPOST_2
[2019-04-15 17:51:31] INFO  springfox.documentation.spring.web.readers.operation.CachingOperationNameGenerator 40 startingWith - Generating unique operation named: listUsingPOST_2
[2019-04-15 17:51:31] INFO  springfox.documentation.spring.web.readers.operation.CachingOperationNameGenerator 40 startingWith - Generating unique operation named: updateUsingPOST_2
[2019-04-15 17:51:31] INFO  springfox.documentation.spring.web.readers.operation.CachingOperationNameGenerator 40 startingWith - Generating unique operation named: addUsingPOST_3
[2019-04-15 17:51:31] INFO  springfox.documentation.spring.web.readers.operation.CachingOperationNameGenerator 40 startingWith - Generating unique operation named: deleteUsingPOST_3
[2019-04-15 17:51:31] INFO  springfox.documentation.spring.web.readers.operation.CachingOperationNameGenerator 40 startingWith - Generating unique operation named: detailUsingPOST_3
[2019-04-15 17:51:31] INFO  springfox.documentation.spring.web.readers.operation.CachingOperationNameGenerator 40 startingWith - Generating unique operation named: listUsingPOST_3
[2019-04-15 17:51:31] INFO  springfox.documentation.spring.web.readers.operation.CachingOperationNameGenerator 40 startingWith - Generating unique operation named: updateUsingPOST_3
[2019-04-15 17:51:31] INFO  springfox.documentation.spring.web.readers.operation.CachingOperationNameGenerator 40 startingWith - Generating unique operation named: addUsingPOST_4
[2019-04-15 17:51:31] INFO  springfox.documentation.spring.web.readers.operation.CachingOperationNameGenerator 40 startingWith - Generating unique operation named: deleteUsingPOST_4
[2019-04-15 17:51:31] INFO  springfox.documentation.spring.web.readers.operation.CachingOperationNameGenerator 40 startingWith - Generating unique operation named: detailUsingPOST_4
[2019-04-15 17:51:31] INFO  springfox.documentation.spring.web.readers.operation.CachingOperationNameGenerator 40 startingWith - Generating unique operation named: listUsingPOST_4
[2019-04-15 17:51:31] INFO  springfox.documentation.spring.web.readers.operation.CachingOperationNameGenerator 40 startingWith - Generating unique operation named: updateUsingPOST_4
[2019-04-15 17:51:31] INFO  springfox.documentation.spring.web.readers.operation.CachingOperationNameGenerator 40 startingWith - Generating unique operation named: addUsingPOST_5
[2019-04-15 17:51:31] INFO  springfox.documentation.spring.web.readers.operation.CachingOperationNameGenerator 40 startingWith - Generating unique operation named: deleteUsingPOST_5
[2019-04-15 17:51:31] INFO  springfox.documentation.spring.web.readers.operation.CachingOperationNameGenerator 40 startingWith - Generating unique operation named: detailUsingPOST_5
[2019-04-15 17:51:31] INFO  springfox.documentation.spring.web.readers.operation.CachingOperationNameGenerator 40 startingWith - Generating unique operation named: listUsingPOST_5
[2019-04-15 17:51:31] INFO  springfox.documentation.spring.web.readers.operation.CachingOperationNameGenerator 40 startingWith - Generating unique operation named: updateUsingPOST_5
[2019-04-15 17:51:31] INFO  springfox.documentation.spring.web.readers.operation.CachingOperationNameGenerator 40 startingWith - Generating unique operation named: addUsingPOST_6
[2019-04-15 17:51:31] INFO  springfox.documentation.spring.web.readers.operation.CachingOperationNameGenerator 40 startingWith - Generating unique operation named: deleteUsingPOST_6
[2019-04-15 17:51:31] INFO  springfox.documentation.spring.web.readers.operation.CachingOperationNameGenerator 40 startingWith - Generating unique operation named: detailUsingPOST_6
[2019-04-15 17:51:31] INFO  springfox.documentation.spring.web.readers.operation.CachingOperationNameGenerator 40 startingWith - Generating unique operation named: listUsingPOST_6
[2019-04-15 17:51:31] INFO  springfox.documentation.spring.web.readers.operation.CachingOperationNameGenerator 40 startingWith - Generating unique operation named: listUsingPOST_7
[2019-04-15 17:51:31] INFO  springfox.documentation.spring.web.readers.operation.CachingOperationNameGenerator 40 startingWith - Generating unique operation named: updateUsingPOST_6
[2019-04-15 17:51:31] INFO  springfox.documentation.spring.web.readers.operation.CachingOperationNameGenerator 40 startingWith - Generating unique operation named: addUsingPOST_7
[2019-04-15 17:51:31] INFO  springfox.documentation.spring.web.readers.operation.CachingOperationNameGenerator 40 startingWith - Generating unique operation named: deleteUsingPOST_7
[2019-04-15 17:51:31] INFO  springfox.documentation.spring.web.readers.operation.CachingOperationNameGenerator 40 startingWith - Generating unique operation named: detailUsingPOST_7
[2019-04-15 17:51:31] INFO  springfox.documentation.spring.web.readers.operation.CachingOperationNameGenerator 40 startingWith - Generating unique operation named: listUsingPOST_8
[2019-04-15 17:51:31] INFO  springfox.documentation.spring.web.readers.operation.CachingOperationNameGenerator 40 startingWith - Generating unique operation named: updateUsingPOST_7
[2019-04-15 17:51:31] INFO  springfox.documentation.spring.web.readers.operation.CachingOperationNameGenerator 40 startingWith - Generating unique operation named: addUsingPOST_8
[2019-04-15 17:51:31] INFO  springfox.documentation.spring.web.readers.operation.CachingOperationNameGenerator 40 startingWith - Generating unique operation named: deleteUsingPOST_8
[2019-04-15 17:51:31] INFO  springfox.documentation.spring.web.readers.operation.CachingOperationNameGenerator 40 startingWith - Generating unique operation named: detailUsingPOST_8
[2019-04-15 17:51:31] INFO  springfox.documentation.spring.web.readers.operation.CachingOperationNameGenerator 40 startingWith - Generating unique operation named: listUsingPOST_9
[2019-04-15 17:51:31] INFO  springfox.documentation.spring.web.readers.operation.CachingOperationNameGenerator 40 startingWith - Generating unique operation named: updateUsingPOST_8
[2019-04-15 17:51:32] INFO  org.springframework.boot.web.embedded.tomcat.TomcatWebServer 204 start - Tomcat started on port(s): 8082 (http) with context path ''
[2019-04-15 17:51:32] INFO  org.springframework.boot.StartupInfoLogger 59 logStarted - Started Application in 10.164 seconds (JVM running for 11.619)
[2019-04-15 17:51:43] INFO  org.apache.juli.logging.DirectJDKLog 173 log - Initializing Spring DispatcherServlet 'dispatcherServlet'
[2019-04-15 17:51:43] INFO  org.springframework.web.servlet.FrameworkServlet 524 initServletBean - Initializing Servlet 'dispatcherServlet'
[2019-04-15 17:51:43] INFO  org.springframework.web.servlet.FrameworkServlet 546 initServletBean - Completed initialization in 12 ms
